<?xml version="1.0" encoding="UTF-8"?>
<!-- Generated by org.testng.reporters.JUnitXMLReporter -->
<testsuite ignored="6" hostname="SYNPYBRLBY6Y463" failures="0" tests="2" name="Regression1" time="12.602" errors="0" timestamp="2024-12-05T12:13:07 IST">
  <testcase classname="Synechron.SeleniumTestng.TestCase3" name="navigationCommands" time="12.569"/>
  <testcase classname="Synechron.SeleniumTestng.Prioritysetting" name="productselected" time="0.002"/>
  <testcase classname="Synechron.SeleniumTestng.Test1" name="launchbrowser" time="0.0">
    <ignored/>
  </testcase> <!-- launchbrowser -->
  <testcase classname="Synechron.SeleniumTestng.TestCase4" name="endToEnd" time="0.0">
    <ignored/>
  </testcase> <!-- endToEnd -->
  <testcase classname="Synechron.SeleniumTestng.Prioritysetting" name="launchbrowser" time="0.0">
    <ignored/>
  </testcase> <!-- launchbrowser -->
  <testcase classname="Synechron.SeleniumTestng.ParallelExecution" name="parallel2" time="0.0">
    <ignored/>
  </testcase> <!-- parallel2 -->
  <testcase classname="Synechron.SeleniumTestng.Prioritysetting" name="login" time="0.0">
    <ignored/>
  </testcase> <!-- login -->
  <testcase classname="Synechron.SeleniumTestng.ParallelExecution" name="parallel" time="0.0">
    <ignored/>
  </testcase> <!-- parallel -->
</testsuite> <!-- Regression1 -->
