<?xml version="1.0" encoding="UTF-8"?>
<!-- Generated by org.testng.reporters.JUnitXMLReporter -->
<testsuite ignored="1" hostname="SYNPYBRLBY6Y463" failures="0" tests="2" name="UI automattion" time="19.534" errors="0" timestamp="2024-12-05T11:28:11 IST">
  <testcase classname="Synechron.SeleniumTestng.TestCase3" name="navigationCommands" time="12.004"/>
  <testcase classname="Synechron.SeleniumTestng.TestCase4" name="endToEnd" time="7.492"/>
  <testcase classname="Synechron.SeleniumTestng.Test1" name="launchbrowser" time="0.0">
    <ignored/>
  </testcase> <!-- launchbrowser -->
</testsuite> <!-- UI automattion -->
