<?xml version="1.0" encoding="UTF-8"?>
<testng-results ignored="0" total="1" passed="1" failed="0" skipped="0">
  <reporter-output>
  </reporter-output>
  <suite started-at="2024-12-06T11:26:27 IST" name="Default suite" finished-at="2024-12-06T11:26:36 IST" duration-ms="9059">
    <groups>
    </groups>
    <test started-at="2024-12-06T11:26:27 IST" name="Default test" finished-at="2024-12-06T11:26:36 IST" duration-ms="9059">
      <class name="Synechron.SeleniumTestng.AutoSuggestionEx">
        <test-method signature="autosugg()[pri:0, instance:Synechron.SeleniumTestng.AutoSuggestionEx@13fd2ccd]" started-at="2024-12-06T11:26:27 IST" name="autosugg" finished-at="2024-12-06T11:26:36 IST" duration-ms="9023" status="PASS">
          <reporter-output>
          </reporter-output>
        </test-method> <!-- autosugg -->
      </class> <!-- Synechron.SeleniumTestng.AutoSuggestionEx -->
    </test> <!-- Default test -->
  </suite> <!-- Default suite -->
</testng-results>
